<?xml version="1.0" encoding="UTF-8"?>
<testsuite name="Default test"
           tests="2"
           failures="0"
           errors="0"
           skipped="0"
           time="17.638">
    <properties></properties>



            <testcase
                name="weManager"
                time="10.569"
                classname="WDM.WebDriverManagerEX">
            </testcase>
            <testcase
                name="weManagerFireFox"
                time="7.069"
                classname="WDM.WebDriverManagerEX">
            </testcase>
</testsuite>
